Analysis & Synthesis report for top_NivelControl
Wed May 18 16:30:39 2022
Quartus Prime Version 17.1.0 Build 590 10/25/2017 SJ Lite Edition


---------------------
; Table of Contents ;
---------------------
  1. Legal Notice
  2. Analysis & Synthesis Summary
  3. Analysis & Synthesis Settings
  4. Parallel Compilation
  5. Analysis & Synthesis Source Files Read
  6. Analysis & Synthesis Resource Usage Summary
  7. Analysis & Synthesis Resource Utilization by Entity
  8. Analysis & Synthesis RAM Summary
  9. State Machine - |top_NivelControl|controlador_SPI:U0|estado
 10. Registers Removed During Synthesis
 11. General Register Statistics
 12. Inverted Register Statistics
 13. Registers Packed Into Inferred Megafunctions
 14. Multiplexer Restructuring Statistics (Restructuring Performed)
 15. Source assignments for estimador:U3|altshift_taps:reg_muestra_rtl_0|shift_taps_0im:auto_generated|altsyncram_mfa1:altsyncram2
 16. Parameter Settings for User Entity Instance: controlador_SPI:U0
 17. Parameter Settings for User Entity Instance: calc_offset:U2
 18. Parameter Settings for User Entity Instance: estimador:U3
 19. Parameter Settings for Inferred Entity Instance: estimador:U3|altshift_taps:reg_muestra_rtl_0
 20. altshift_taps Parameter Settings by Entity Instance
 21. Post-Synthesis Netlist Statistics for Top Partition
 22. Elapsed Time Per Partition
 23. Analysis & Synthesis Messages



----------------
; Legal Notice ;
----------------
Copyright (C) 2017  Intel Corporation. All rights reserved.
Your use of Intel Corporation's design tools, logic functions 
and other software and tools, and its AMPP partner logic 
functions, and any output files from any of the foregoing 
(including device programming or simulation files), and any 
associated documentation or information are expressly subject 
to the terms and conditions of the Intel Program License 
Subscription Agreement, the Intel Quartus Prime License Agreement,
the Intel FPGA IP License Agreement, or other applicable license
agreement, including, without limitation, that your use is for
the sole purpose of programming logic devices manufactured by
Intel and sold by Intel or its authorized distributors.  Please
refer to the applicable agreement for further details.



+----------------------------------------------------------------------------------+
; Analysis & Synthesis Summary                                                     ;
+------------------------------------+---------------------------------------------+
; Analysis & Synthesis Status        ; Successful - Wed May 18 16:30:39 2022       ;
; Quartus Prime Version              ; 17.1.0 Build 590 10/25/2017 SJ Lite Edition ;
; Revision Name                      ; top_NivelControl                            ;
; Top-level Entity Name              ; top_NivelControl                            ;
; Family                             ; MAX 10                                      ;
; Total logic elements               ; 478                                         ;
;     Total combinational functions  ; 452                                         ;
;     Dedicated logic registers      ; 184                                         ;
; Total registers                    ; 184                                         ;
; Total pins                         ; 29                                          ;
; Total virtual pins                 ; 0                                           ;
; Total memory bits                  ; 660                                         ;
; Embedded Multiplier 9-bit elements ; 0                                           ;
; Total PLLs                         ; 0                                           ;
; UFM blocks                         ; 0                                           ;
; ADC blocks                         ; 0                                           ;
+------------------------------------+---------------------------------------------+


+----------------------------------------------------------------------------------------------------------------------+
; Analysis & Synthesis Settings                                                                                        ;
+----------------------------------------------------------------------------+--------------------+--------------------+
; Option                                                                     ; Setting            ; Default Value      ;
+----------------------------------------------------------------------------+--------------------+--------------------+
; Device                                                                     ; 10M50DAF484C6GES   ;                    ;
; Top-level entity name                                                      ; top_NivelControl   ; top_NivelControl   ;
; Family name                                                                ; MAX 10             ; Cyclone V          ;
; Use smart compilation                                                      ; Off                ; Off                ;
; Enable parallel Assembler and TimeQuest Timing Analyzer during compilation ; On                 ; On                 ;
; Enable compact report table                                                ; Off                ; Off                ;
; Restructure Multiplexers                                                   ; Auto               ; Auto               ;
; Create Debugging Nodes for IP Cores                                        ; Off                ; Off                ;
; Preserve fewer node names                                                  ; On                 ; On                 ;
; Intel FPGA IP Evaluation Mode                                              ; Enable             ; Enable             ;
; Verilog Version                                                            ; Verilog_2001       ; Verilog_2001       ;
; VHDL Version                                                               ; VHDL_1993          ; VHDL_1993          ;
; State Machine Processing                                                   ; Auto               ; Auto               ;
; Safe State Machine                                                         ; Off                ; Off                ;
; Extract Verilog State Machines                                             ; On                 ; On                 ;
; Extract VHDL State Machines                                                ; On                 ; On                 ;
; Ignore Verilog initial constructs                                          ; Off                ; Off                ;
; Iteration limit for constant Verilog loops                                 ; 5000               ; 5000               ;
; Iteration limit for non-constant Verilog loops                             ; 250                ; 250                ;
; Add Pass-Through Logic to Inferred RAMs                                    ; On                 ; On                 ;
; Infer RAMs from Raw Logic                                                  ; On                 ; On                 ;
; Parallel Synthesis                                                         ; On                 ; On                 ;
; DSP Block Balancing                                                        ; Auto               ; Auto               ;
; NOT Gate Push-Back                                                         ; On                 ; On                 ;
; Power-Up Don't Care                                                        ; On                 ; On                 ;
; Remove Redundant Logic Cells                                               ; Off                ; Off                ;
; Remove Duplicate Registers                                                 ; On                 ; On                 ;
; Ignore CARRY Buffers                                                       ; Off                ; Off                ;
; Ignore CASCADE Buffers                                                     ; Off                ; Off                ;
; Ignore GLOBAL Buffers                                                      ; Off                ; Off                ;
; Ignore ROW GLOBAL Buffers                                                  ; Off                ; Off                ;
; Ignore LCELL Buffers                                                       ; Off                ; Off                ;
; Ignore SOFT Buffers                                                        ; On                 ; On                 ;
; Limit AHDL Integers to 32 Bits                                             ; Off                ; Off                ;
; Optimization Technique                                                     ; Balanced           ; Balanced           ;
; Carry Chain Length                                                         ; 70                 ; 70                 ;
; Auto Carry Chains                                                          ; On                 ; On                 ;
; Auto Open-Drain Pins                                                       ; On                 ; On                 ;
; Perform WYSIWYG Primitive Resynthesis                                      ; Off                ; Off                ;
; Auto ROM Replacement                                                       ; On                 ; On                 ;
; Auto RAM Replacement                                                       ; On                 ; On                 ;
; Auto DSP Block Replacement                                                 ; On                 ; On                 ;
; Auto Shift Register Replacement                                            ; Auto               ; Auto               ;
; Allow Shift Register Merging across Hierarchies                            ; Auto               ; Auto               ;
; Auto Clock Enable Replacement                                              ; On                 ; On                 ;
; Strict RAM Replacement                                                     ; Off                ; Off                ;
; Allow Synchronous Control Signals                                          ; On                 ; On                 ;
; Force Use of Synchronous Clear Signals                                     ; Off                ; Off                ;
; Auto RAM Block Balancing                                                   ; On                 ; On                 ;
; Auto RAM to Logic Cell Conversion                                          ; Off                ; Off                ;
; Auto Resource Sharing                                                      ; Off                ; Off                ;
; Allow Any RAM Size For Recognition                                         ; Off                ; Off                ;
; Allow Any ROM Size For Recognition                                         ; Off                ; Off                ;
; Allow Any Shift Register Size For Recognition                              ; Off                ; Off                ;
; Use LogicLock Constraints during Resource Balancing                        ; On                 ; On                 ;
; Ignore translate_off and synthesis_off directives                          ; Off                ; Off                ;
; Timing-Driven Synthesis                                                    ; On                 ; On                 ;
; Report Parameter Settings                                                  ; On                 ; On                 ;
; Report Source Assignments                                                  ; On                 ; On                 ;
; Report Connectivity Checks                                                 ; On                 ; On                 ;
; Ignore Maximum Fan-Out Assignments                                         ; Off                ; Off                ;
; Synchronization Register Chain Length                                      ; 2                  ; 2                  ;
; Power Optimization During Synthesis                                        ; Normal compilation ; Normal compilation ;
; HDL message level                                                          ; Level2             ; Level2             ;
; Suppress Register Optimization Related Messages                            ; Off                ; Off                ;
; Number of Removed Registers Reported in Synthesis Report                   ; 5000               ; 5000               ;
; Number of Swept Nodes Reported in Synthesis Report                         ; 5000               ; 5000               ;
; Number of Inverted Registers Reported in Synthesis Report                  ; 100                ; 100                ;
; Clock MUX Protection                                                       ; On                 ; On                 ;
; Auto Gated Clock Conversion                                                ; Off                ; Off                ;
; Block Design Naming                                                        ; Auto               ; Auto               ;
; SDC constraint protection                                                  ; Off                ; Off                ;
; Synthesis Effort                                                           ; Auto               ; Auto               ;
; Shift Register Replacement - Allow Asynchronous Clear Signal               ; On                 ; On                 ;
; Pre-Mapping Resynthesis Optimization                                       ; Off                ; Off                ;
; Analysis & Synthesis Message Level                                         ; Medium             ; Medium             ;
; Disable Register Merging Across Hierarchies                                ; Auto               ; Auto               ;
; Resource Aware Inference For Block RAM                                     ; On                 ; On                 ;
+----------------------------------------------------------------------------+--------------------+--------------------+


+------------------------------------------+
; Parallel Compilation                     ;
+----------------------------+-------------+
; Processors                 ; Number      ;
+----------------------------+-------------+
; Number detected on machine ; 8           ;
; Maximum allowed            ; 4           ;
;                            ;             ;
; Average used               ; 1.00        ;
; Maximum used               ; 4           ;
;                            ;             ;
; Usage by Processor         ; % Time Used ;
;     Processor 1            ; 100.0%      ;
;     Processors 2-4         ;   0.0%      ;
+----------------------------+-------------+


+---------------------------------------------------------------------------------------------------------------------------------------------------------------------------+
; Analysis & Synthesis Source Files Read                                                                                                                                    ;
+----------------------------------+-----------------+------------------------------+-----------------------------------------------------------------------------+---------+
; File Name with User-Entered Path ; Used in Netlist ; File Type                    ; File Name with Absolute Path                                                ; Library ;
+----------------------------------+-----------------+------------------------------+-----------------------------------------------------------------------------+---------+
; ../hdl/top_NivelControl.vhd      ; yes             ; User VHDL File               ; C:/Users/Usuario/Documents/DD2/ProyectoFinal/hdl/top_NivelControl.vhd       ;         ;
; ../hdl/representacion.vhd        ; yes             ; User VHDL File               ; C:/Users/Usuario/Documents/DD2/ProyectoFinal/hdl/representacion.vhd         ;         ;
; ../hdl/interfaz_SPI.vhd          ; yes             ; User VHDL File               ; C:/Users/Usuario/Documents/DD2/ProyectoFinal/hdl/interfaz_SPI.vhd           ;         ;
; ../hdl/estimador.vhd             ; yes             ; User VHDL File               ; C:/Users/Usuario/Documents/DD2/ProyectoFinal/hdl/estimador.vhd              ;         ;
; ../hdl/controlador_SPI.vhd       ; yes             ; User VHDL File               ; C:/Users/Usuario/Documents/DD2/ProyectoFinal/hdl/controlador_SPI.vhd        ;         ;
; ../hdl/calc_offset.vhd           ; yes             ; User VHDL File               ; C:/Users/Usuario/Documents/DD2/ProyectoFinal/hdl/calc_offset.vhd            ;         ;
; ../hdl/auxiliar.vhd              ; yes             ; User VHDL File               ; C:/Users/Usuario/Documents/DD2/ProyectoFinal/hdl/auxiliar.vhd               ;         ;
; altshift_taps.tdf                ; yes             ; Megafunction                 ; c:/intelfpga_lite/17.1/quartus/libraries/megafunctions/altshift_taps.tdf    ;         ;
; altdpram.inc                     ; yes             ; Megafunction                 ; c:/intelfpga_lite/17.1/quartus/libraries/megafunctions/altdpram.inc         ;         ;
; lpm_counter.inc                  ; yes             ; Megafunction                 ; c:/intelfpga_lite/17.1/quartus/libraries/megafunctions/lpm_counter.inc      ;         ;
; lpm_compare.inc                  ; yes             ; Megafunction                 ; c:/intelfpga_lite/17.1/quartus/libraries/megafunctions/lpm_compare.inc      ;         ;
; lpm_constant.inc                 ; yes             ; Megafunction                 ; c:/intelfpga_lite/17.1/quartus/libraries/megafunctions/lpm_constant.inc     ;         ;
; db/shift_taps_0im.tdf            ; yes             ; Auto-Generated Megafunction  ; C:/Users/Usuario/Documents/DD2/ProyectoFinal/Quartus/db/shift_taps_0im.tdf  ;         ;
; db/altsyncram_mfa1.tdf           ; yes             ; Auto-Generated Megafunction  ; C:/Users/Usuario/Documents/DD2/ProyectoFinal/Quartus/db/altsyncram_mfa1.tdf ;         ;
; db/cntr_f5f.tdf                  ; yes             ; Auto-Generated Megafunction  ; C:/Users/Usuario/Documents/DD2/ProyectoFinal/Quartus/db/cntr_f5f.tdf        ;         ;
; db/cmpr_hrb.tdf                  ; yes             ; Auto-Generated Megafunction  ; C:/Users/Usuario/Documents/DD2/ProyectoFinal/Quartus/db/cmpr_hrb.tdf        ;         ;
; db/cntr_5lg.tdf                  ; yes             ; Auto-Generated Megafunction  ; C:/Users/Usuario/Documents/DD2/ProyectoFinal/Quartus/db/cntr_5lg.tdf        ;         ;
+----------------------------------+-----------------+------------------------------+-----------------------------------------------------------------------------+---------+


+---------------------------------------------------------+
; Analysis & Synthesis Resource Usage Summary             ;
+---------------------------------------------+-----------+
; Resource                                    ; Usage     ;
+---------------------------------------------+-----------+
; Estimated Total logic elements              ; 478       ;
;                                             ;           ;
; Total combinational functions               ; 452       ;
; Logic element usage by number of LUT inputs ;           ;
;     -- 4 input functions                    ; 177       ;
;     -- 3 input functions                    ; 166       ;
;     -- <=2 input functions                  ; 109       ;
;                                             ;           ;
; Logic elements by mode                      ;           ;
;     -- normal mode                          ; 303       ;
;     -- arithmetic mode                      ; 149       ;
;                                             ;           ;
; Total registers                             ; 184       ;
;     -- Dedicated logic registers            ; 184       ;
;     -- I/O registers                        ; 0         ;
;                                             ;           ;
; I/O pins                                    ; 29        ;
; Total memory bits                           ; 660       ;
;                                             ;           ;
; Embedded Multiplier 9-bit elements          ; 0         ;
;                                             ;           ;
; Maximum fan-out node                        ; clk~input ;
; Maximum fan-out                             ; 206       ;
; Total fan-out                               ; 2407      ;
; Average fan-out                             ; 3.35      ;
+---------------------------------------------+-----------+


+---------------------------------------------------------------------------------------------------------------------------------------------------------------------------------------------------------------------------------------------------------------------------------------------------------------------------------------------------------------+
; Analysis & Synthesis Resource Utilization by Entity                                                                                                                                                                                                                                                                                                           ;
+-------------------------------------------+---------------------+---------------------------+-------------+------------+--------------+---------+-----------+------+--------------+------------+----------------------------------------------------------------------------------------------------------------------------+------------------+--------------+
; Compilation Hierarchy Node                ; Combinational ALUTs ; Dedicated Logic Registers ; Memory Bits ; UFM Blocks ; DSP Elements ; DSP 9x9 ; DSP 18x18 ; Pins ; Virtual Pins ; ADC blocks ; Full Hierarchy Name                                                                                                        ; Entity Name      ; Library Name ;
+-------------------------------------------+---------------------+---------------------------+-------------+------------+--------------+---------+-----------+------+--------------+------------+----------------------------------------------------------------------------------------------------------------------------+------------------+--------------+
; |top_NivelControl                         ; 452 (1)             ; 184 (0)                   ; 660         ; 0          ; 0            ; 0       ; 0         ; 29   ; 0            ; 0          ; |top_NivelControl                                                                                                          ; top_NivelControl ; work         ;
;    |calc_offset:U2|                       ; 94 (94)             ; 63 (63)                   ; 0           ; 0          ; 0            ; 0       ; 0         ; 0    ; 0            ; 0          ; |top_NivelControl|calc_offset:U2                                                                                           ; calc_offset      ; work         ;
;    |controlador_SPI:U0|                   ; 43 (43)             ; 34 (34)                   ; 0           ; 0          ; 0            ; 0       ; 0         ; 0    ; 0            ; 0          ; |top_NivelControl|controlador_SPI:U0                                                                                       ; controlador_SPI  ; work         ;
;    |estimador:U3|                         ; 77 (58)             ; 45 (34)                   ; 660         ; 0          ; 0            ; 0       ; 0         ; 0    ; 0            ; 0          ; |top_NivelControl|estimador:U3                                                                                             ; estimador        ; work         ;
;       |altshift_taps:reg_muestra_rtl_0|   ; 19 (0)              ; 11 (0)                    ; 660         ; 0          ; 0            ; 0       ; 0         ; 0    ; 0            ; 0          ; |top_NivelControl|estimador:U3|altshift_taps:reg_muestra_rtl_0                                                             ; altshift_taps    ; work         ;
;          |shift_taps_0im:auto_generated|  ; 19 (0)              ; 11 (1)                    ; 660         ; 0          ; 0            ; 0       ; 0         ; 0    ; 0            ; 0          ; |top_NivelControl|estimador:U3|altshift_taps:reg_muestra_rtl_0|shift_taps_0im:auto_generated                               ; shift_taps_0im   ; work         ;
;             |altsyncram_mfa1:altsyncram2| ; 0 (0)               ; 0 (0)                     ; 660         ; 0          ; 0            ; 0       ; 0         ; 0    ; 0            ; 0          ; |top_NivelControl|estimador:U3|altshift_taps:reg_muestra_rtl_0|shift_taps_0im:auto_generated|altsyncram_mfa1:altsyncram2   ; altsyncram_mfa1  ; work         ;
;             |cntr_5lg:cntr3|              ; 7 (7)               ; 5 (5)                     ; 0           ; 0          ; 0            ; 0       ; 0         ; 0    ; 0            ; 0          ; |top_NivelControl|estimador:U3|altshift_taps:reg_muestra_rtl_0|shift_taps_0im:auto_generated|cntr_5lg:cntr3                ; cntr_5lg         ; work         ;
;             |cntr_f5f:cntr1|              ; 12 (11)             ; 5 (5)                     ; 0           ; 0          ; 0            ; 0       ; 0         ; 0    ; 0            ; 0          ; |top_NivelControl|estimador:U3|altshift_taps:reg_muestra_rtl_0|shift_taps_0im:auto_generated|cntr_f5f:cntr1                ; cntr_f5f         ; work         ;
;                |cmpr_hrb:cmpr6|           ; 1 (1)               ; 0 (0)                     ; 0           ; 0          ; 0            ; 0       ; 0         ; 0    ; 0            ; 0          ; |top_NivelControl|estimador:U3|altshift_taps:reg_muestra_rtl_0|shift_taps_0im:auto_generated|cntr_f5f:cntr1|cmpr_hrb:cmpr6 ; cmpr_hrb         ; work         ;
;    |interfaz_SPI:U1|                      ; 61 (61)             ; 42 (42)                   ; 0           ; 0          ; 0            ; 0       ; 0         ; 0    ; 0            ; 0          ; |top_NivelControl|interfaz_SPI:U1                                                                                          ; interfaz_SPI     ; work         ;
;    |representacion:U4|                    ; 176 (176)           ; 0 (0)                     ; 0           ; 0          ; 0            ; 0       ; 0         ; 0    ; 0            ; 0          ; |top_NivelControl|representacion:U4                                                                                        ; representacion   ; work         ;
+-------------------------------------------+---------------------+---------------------------+-------------+------------+--------------+---------+-----------+------+--------------+------------+----------------------------------------------------------------------------------------------------------------------------+------------------+--------------+
Note: For table entries with two numbers listed, the numbers in parentheses indicate the number of resources of the given type used by the specific entity alone. The numbers listed outside of parentheses indicate the total resources of the given type used by the specific entity and all of its sub-entities in the hierarchy.


+-----------------------------------------------------------------------------------------------------------------------------------------------------------------------------------------------------------------------+
; Analysis & Synthesis RAM Summary                                                                                                                                                                                      ;
+-------------------------------------------------------------------------------------------------------------------+------+------------------+--------------+--------------+--------------+--------------+------+------+
; Name                                                                                                              ; Type ; Mode             ; Port A Depth ; Port A Width ; Port B Depth ; Port B Width ; Size ; MIF  ;
+-------------------------------------------------------------------------------------------------------------------+------+------------------+--------------+--------------+--------------+--------------+------+------+
; estimador:U3|altshift_taps:reg_muestra_rtl_0|shift_taps_0im:auto_generated|altsyncram_mfa1:altsyncram2|ALTSYNCRAM ; AUTO ; Simple Dual Port ; 30           ; 22           ; 30           ; 22           ; 660  ; None ;
+-------------------------------------------------------------------------------------------------------------------+------+------------------+--------------+--------------+--------------+--------------+------+------+


Encoding Type:  One-Hot
+------------------------------------------------------------------------------------------+
; State Machine - |top_NivelControl|controlador_SPI:U0|estado                              ;
+------------------+-----------------+------------------+------------------+---------------+
; Name             ; estado.lecturas ; estado.conf_reg1 ; estado.conf_reg4 ; estado.reposo ;
+------------------+-----------------+------------------+------------------+---------------+
; estado.reposo    ; 0               ; 0                ; 0                ; 0             ;
; estado.conf_reg4 ; 0               ; 0                ; 1                ; 1             ;
; estado.conf_reg1 ; 0               ; 1                ; 0                ; 1             ;
; estado.lecturas  ; 1               ; 0                ; 0                ; 1             ;
+------------------+-----------------+------------------+------------------+---------------+


+------------------------------------------------------------------------------------------+
; Registers Removed During Synthesis                                                       ;
+----------------------------------------+-------------------------------------------------+
; Register name                          ; Reason for Removal                              ;
+----------------------------------------+-------------------------------------------------+
; controlador_SPI:U0|dir_add[2,4]        ; Stuck at GND due to stuck port data_in          ;
; controlador_SPI:U0|nWR                 ; Merged with controlador_SPI:U0|dir_add[3]       ;
; controlador_SPI:U0|dir_add[1]          ; Merged with controlador_SPI:U0|dir_add[0]       ;
; controlador_SPI:U0|data_in[1,5,6]      ; Merged with controlador_SPI:U0|data_in[0]       ;
; controlador_SPI:U0|data_in[3,4]        ; Merged with controlador_SPI:U0|data_in[2]       ;
; controlador_SPI:U0|data_in[2]          ; Stuck at GND due to stuck port data_in          ;
; controlador_SPI:U0|dir_add[5]          ; Merged with controlador_SPI:U0|estado.reposo    ;
; controlador_SPI:U0|dir_add[0]          ; Merged with controlador_SPI:U0|estado.conf_reg4 ;
; Total Number of Removed Registers = 12 ;                                                 ;
+----------------------------------------+-------------------------------------------------+


+------------------------------------------------------+
; General Register Statistics                          ;
+----------------------------------------------+-------+
; Statistic                                    ; Value ;
+----------------------------------------------+-------+
; Total registers                              ; 184   ;
; Number of registers using Synchronous Clear  ; 0     ;
; Number of registers using Synchronous Load   ; 34    ;
; Number of registers using Asynchronous Clear ; 179   ;
; Number of registers using Asynchronous Load  ; 0     ;
; Number of registers using Clock Enable       ; 133   ;
; Number of registers using Preset             ; 0     ;
+----------------------------------------------+-------+


+--------------------------------------------------------------------------------------------+
; Inverted Register Statistics                                                               ;
+----------------------------------------------------------------------------------+---------+
; Inverted Register                                                                ; Fan out ;
+----------------------------------------------------------------------------------+---------+
; interfaz_SPI:U1|cnt_ciclos_SPI[0]                                                ; 2       ;
; controlador_SPI:U0|cnt_5ms[0]                                                    ; 2       ;
; interfaz_SPI:U1|nCS                                                              ; 16      ;
; estimador:U3|altshift_taps:reg_muestra_rtl_0|shift_taps_0im:auto_generated|dffe4 ; 22      ;
; Total number of inverted registers = 4                                           ;         ;
+----------------------------------------------------------------------------------+---------+


+--------------------------------------------------------------------------------------+
; Registers Packed Into Inferred Megafunctions                                         ;
+----------------------------------------+--------------------------------+------------+
; Register Name                          ; Megafunction                   ; Type       ;
+----------------------------------------+--------------------------------+------------+
; estimador:U3|reg_muestra[0..31][0..21] ; estimador:U3|reg_muestra_rtl_0 ; SHIFT_TAPS ;
+----------------------------------------+--------------------------------+------------+


+---------------------------------------------------------------------------------------------------------------------------------------------------------------+
; Multiplexer Restructuring Statistics (Restructuring Performed)                                                                                                ;
+--------------------+-----------+---------------+----------------------+------------------------+------------+-------------------------------------------------+
; Multiplexer Inputs ; Bus Width ; Baseline Area ; Area if Restructured ; Saving if Restructured ; Registered ; Example Multiplexer Output                      ;
+--------------------+-----------+---------------+----------------------+------------------------+------------+-------------------------------------------------+
; 3:1                ; 8 bits    ; 16 LEs        ; 8 LEs                ; 8 LEs                  ; Yes        ; |top_NivelControl|interfaz_SPI:U1|data_rd[5]    ;
; 3:1                ; 7 bits    ; 14 LEs        ; 7 LEs                ; 7 LEs                  ; Yes        ; |top_NivelControl|interfaz_SPI:U1|reg_SDO[2]    ;
; 3:1                ; 9 bits    ; 18 LEs        ; 9 LEs                ; 9 LEs                  ; Yes        ; |top_NivelControl|interfaz_SPI:U1|reg_SDO[13]   ;
; 5:1                ; 2 bits    ; 6 LEs         ; 2 LEs                ; 4 LEs                  ; Yes        ; |top_NivelControl|controlador_SPI:U0|data_in[0] ;
; 7:1                ; 4 bits    ; 16 LEs        ; 8 LEs                ; 8 LEs                  ; Yes        ; |top_NivelControl|interfaz_SPI:U1|cnt_SPI[1]    ;
+--------------------+-----------+---------------+----------------------+------------------------+------------+-------------------------------------------------+


+-------------------------------------------------------------------------------------------------------------------------------+
; Source assignments for estimador:U3|altshift_taps:reg_muestra_rtl_0|shift_taps_0im:auto_generated|altsyncram_mfa1:altsyncram2 ;
+---------------------------------+--------------------+------+-----------------------------------------------------------------+
; Assignment                      ; Value              ; From ; To                                                              ;
+---------------------------------+--------------------+------+-----------------------------------------------------------------+
; OPTIMIZE_POWER_DURING_SYNTHESIS ; NORMAL_COMPILATION ; -    ; -                                                               ;
+---------------------------------+--------------------+------+-----------------------------------------------------------------+


+-----------------------------------------------------------------+
; Parameter Settings for User Entity Instance: controlador_SPI:U0 ;
+----------------+--------+---------------------------------------+
; Parameter Name ; Value  ; Type                                  ;
+----------------+--------+---------------------------------------+
; cuenta_5ms     ; 250000 ; Signed Integer                        ;
+----------------+--------+---------------------------------------+
Note: In order to hide this table in the UI and the text report file, please set the "Show Parameter Settings in Synthesis Report" option in "Analysis and Synthesis Settings -> More Settings" to "Off".


+-------------------------------------------------------------+
; Parameter Settings for User Entity Instance: calc_offset:U2 ;
+----------------+-------+------------------------------------+
; Parameter Name ; Value ; Type                               ;
+----------------+-------+------------------------------------+
; n              ; 64    ; Signed Integer                     ;
+----------------+-------+------------------------------------+
Note: In order to hide this table in the UI and the text report file, please set the "Show Parameter Settings in Synthesis Report" option in "Analysis and Synthesis Settings -> More Settings" to "Off".


+-----------------------------------------------------------+
; Parameter Settings for User Entity Instance: estimador:U3 ;
+----------------+-------+----------------------------------+
; Parameter Name ; Value ; Type                             ;
+----------------+-------+----------------------------------+
; n              ; 32    ; Signed Integer                   ;
+----------------+-------+----------------------------------+
Note: In order to hide this table in the UI and the text report file, please set the "Show Parameter Settings in Synthesis Report" option in "Analysis and Synthesis Settings -> More Settings" to "Off".


+-----------------------------------------------------------------------------------------------+
; Parameter Settings for Inferred Entity Instance: estimador:U3|altshift_taps:reg_muestra_rtl_0 ;
+----------------+----------------+-------------------------------------------------------------+
; Parameter Name ; Value          ; Type                                                        ;
+----------------+----------------+-------------------------------------------------------------+
; WIDTH_BYTEENA  ; 1              ; Untyped                                                     ;
; NUMBER_OF_TAPS ; 1              ; Untyped                                                     ;
; TAP_DISTANCE   ; 32             ; Untyped                                                     ;
; WIDTH          ; 22             ; Untyped                                                     ;
; POWER_UP_STATE ; CLEARED        ; Untyped                                                     ;
; CBXI_PARAMETER ; shift_taps_0im ; Untyped                                                     ;
+----------------+----------------+-------------------------------------------------------------+
Note: In order to hide this table in the UI and the text report file, please set the "Show Parameter Settings in Synthesis Report" option in "Analysis and Synthesis Settings -> More Settings" to "Off".


+---------------------------------------------------------------------------+
; altshift_taps Parameter Settings by Entity Instance                       ;
+----------------------------+----------------------------------------------+
; Name                       ; Value                                        ;
+----------------------------+----------------------------------------------+
; Number of entity instances ; 1                                            ;
; Entity Instance            ; estimador:U3|altshift_taps:reg_muestra_rtl_0 ;
;     -- NUMBER_OF_TAPS      ; 1                                            ;
;     -- TAP_DISTANCE        ; 32                                           ;
;     -- WIDTH               ; 22                                           ;
+----------------------------+----------------------------------------------+


+-----------------------------------------------------+
; Post-Synthesis Netlist Statistics for Top Partition ;
+-----------------------+-----------------------------+
; Type                  ; Count                       ;
+-----------------------+-----------------------------+
; boundary_port         ; 29                          ;
; cycloneiii_ff         ; 184                         ;
;     CLR               ; 17                          ;
;     CLR SLD           ; 34                          ;
;     ENA               ; 5                           ;
;     ENA CLR           ; 128                         ;
; cycloneiii_io_obuf    ; 2                           ;
; cycloneiii_lcell_comb ; 454                         ;
;     arith             ; 149                         ;
;         1 data inputs ; 2                           ;
;         2 data inputs ; 41                          ;
;         3 data inputs ; 106                         ;
;     normal            ; 305                         ;
;         0 data inputs ; 4                           ;
;         1 data inputs ; 7                           ;
;         2 data inputs ; 57                          ;
;         3 data inputs ; 60                          ;
;         4 data inputs ; 177                         ;
; cycloneiii_ram_block  ; 22                          ;
;                       ;                             ;
; Max LUT depth         ; 8.00                        ;
; Average LUT depth     ; 4.15                        ;
+-----------------------+-----------------------------+


+-------------------------------+
; Elapsed Time Per Partition    ;
+----------------+--------------+
; Partition Name ; Elapsed Time ;
+----------------+--------------+
; Top            ; 00:00:03     ;
+----------------+--------------+


+-------------------------------+
; Analysis & Synthesis Messages ;
+-------------------------------+
Info: *******************************************************************
Info: Running Quartus Prime Analysis & Synthesis
    Info: Version 17.1.0 Build 590 10/25/2017 SJ Lite Edition
    Info: Processing started: Wed May 18 16:30:17 2022
Info: Command: quartus_map --read_settings_files=on --write_settings_files=off top_NivelControl -c top_NivelControl
Warning (18236): Number of processors has not been specified which may cause overloading on shared machines.  Set the global assignment NUM_PARALLEL_PROCESSORS in your QSF to an appropriate value for best performance.
Info (20030): Parallel compilation is enabled and will use 4 of the 4 processors detected
Info (12021): Found 2 design units, including 1 entities, in source file /users/usuario/documents/dd2/proyectofinal/hdl/top_nivelcontrol.vhd
    Info (12022): Found design unit 1: top_NivelControl-struct File: C:/Users/Usuario/Documents/DD2/ProyectoFinal/hdl/top_NivelControl.vhd Line: 22
    Info (12023): Found entity 1: top_NivelControl File: C:/Users/Usuario/Documents/DD2/ProyectoFinal/hdl/top_NivelControl.vhd Line: 6
Info (12021): Found 2 design units, including 1 entities, in source file /users/usuario/documents/dd2/proyectofinal/hdl/representacion.vhd
    Info (12022): Found design unit 1: representacion-rtl File: C:/Users/Usuario/Documents/DD2/ProyectoFinal/hdl/representacion.vhd Line: 22
    Info (12023): Found entity 1: representacion File: C:/Users/Usuario/Documents/DD2/ProyectoFinal/hdl/representacion.vhd Line: 7
Info (12021): Found 2 design units, including 1 entities, in source file /users/usuario/documents/dd2/proyectofinal/hdl/interfaz_spi.vhd
    Info (12022): Found design unit 1: interfaz_SPI-rtl File: C:/Users/Usuario/Documents/DD2/ProyectoFinal/hdl/interfaz_SPI.vhd Line: 29
    Info (12023): Found entity 1: interfaz_SPI File: C:/Users/Usuario/Documents/DD2/ProyectoFinal/hdl/interfaz_SPI.vhd Line: 6
Info (12021): Found 2 design units, including 1 entities, in source file /users/usuario/documents/dd2/proyectofinal/hdl/estimador.vhd
    Info (12022): Found design unit 1: estimador-rtl File: C:/Users/Usuario/Documents/DD2/ProyectoFinal/hdl/estimador.vhd Line: 23
    Info (12023): Found entity 1: estimador File: C:/Users/Usuario/Documents/DD2/ProyectoFinal/hdl/estimador.vhd Line: 8
Info (12021): Found 2 design units, including 1 entities, in source file /users/usuario/documents/dd2/proyectofinal/hdl/controlador_spi.vhd
    Info (12022): Found design unit 1: controlador_SPI-rtl File: C:/Users/Usuario/Documents/DD2/ProyectoFinal/hdl/controlador_SPI.vhd Line: 18
    Info (12023): Found entity 1: controlador_SPI File: C:/Users/Usuario/Documents/DD2/ProyectoFinal/hdl/controlador_SPI.vhd Line: 5
Info (12021): Found 2 design units, including 1 entities, in source file /users/usuario/documents/dd2/proyectofinal/hdl/calc_offset.vhd
    Info (12022): Found design unit 1: calc_offset-rtl File: C:/Users/Usuario/Documents/DD2/ProyectoFinal/hdl/calc_offset.vhd Line: 23
    Info (12023): Found entity 1: calc_offset File: C:/Users/Usuario/Documents/DD2/ProyectoFinal/hdl/calc_offset.vhd Line: 8
Info (12021): Found 2 design units, including 0 entities, in source file /users/usuario/documents/dd2/proyectofinal/hdl/auxiliar.vhd
    Info (12022): Found design unit 1: auxiliar File: C:/Users/Usuario/Documents/DD2/ProyectoFinal/hdl/auxiliar.vhd Line: 4
    Info (12022): Found design unit 2: auxiliar-body File: C:/Users/Usuario/Documents/DD2/ProyectoFinal/hdl/auxiliar.vhd Line: 17
Info (12127): Elaborating entity "top_NivelControl" for the top level hierarchy
Info (12129): Elaborating entity "controlador_SPI" using architecture "A:rtl" for hierarchy "controlador_SPI:U0" File: C:/Users/Usuario/Documents/DD2/ProyectoFinal/hdl/top_NivelControl.vhd Line: 47
Info (12129): Elaborating entity "interfaz_SPI" using architecture "A:rtl" for hierarchy "interfaz_SPI:U1" File: C:/Users/Usuario/Documents/DD2/ProyectoFinal/hdl/top_NivelControl.vhd Line: 57
Warning (10036): Verilog HDL or VHDL warning at interfaz_SPI.vhd(53): object "nWR_state" assigned a value but never read File: C:/Users/Usuario/Documents/DD2/ProyectoFinal/hdl/interfaz_SPI.vhd Line: 53
Warning (10492): VHDL Process Statement warning at interfaz_SPI.vhd(141): signal "n_reg_SPC" is read inside the Process Statement but isn't in the Process Statement's sensitivity list File: C:/Users/Usuario/Documents/DD2/ProyectoFinal/hdl/interfaz_SPI.vhd Line: 141
Info (12129): Elaborating entity "calc_offset" using architecture "A:rtl" for hierarchy "calc_offset:U2" File: C:/Users/Usuario/Documents/DD2/ProyectoFinal/hdl/top_NivelControl.vhd Line: 73
Info (12129): Elaborating entity "estimador" using architecture "A:rtl" for hierarchy "estimador:U3" File: C:/Users/Usuario/Documents/DD2/ProyectoFinal/hdl/top_NivelControl.vhd Line: 85
Info (12129): Elaborating entity "representacion" using architecture "A:rtl" for hierarchy "representacion:U4" File: C:/Users/Usuario/Documents/DD2/ProyectoFinal/hdl/top_NivelControl.vhd Line: 95
Info (19000): Inferred 1 megafunctions from design logic
    Info (276034): Inferred altshift_taps megafunction from the following design logic: "estimador:U3|reg_muestra_rtl_0"
        Info (286033): Parameter NUMBER_OF_TAPS set to 1
        Info (286033): Parameter TAP_DISTANCE set to 32
        Info (286033): Parameter WIDTH set to 22
Info (12130): Elaborated megafunction instantiation "estimador:U3|altshift_taps:reg_muestra_rtl_0"
Info (12133): Instantiated megafunction "estimador:U3|altshift_taps:reg_muestra_rtl_0" with the following parameter:
    Info (12134): Parameter "NUMBER_OF_TAPS" = "1"
    Info (12134): Parameter "TAP_DISTANCE" = "32"
    Info (12134): Parameter "WIDTH" = "22"
Info (12021): Found 1 design units, including 1 entities, in source file db/shift_taps_0im.tdf
    Info (12023): Found entity 1: shift_taps_0im File: C:/Users/Usuario/Documents/DD2/ProyectoFinal/Quartus/db/shift_taps_0im.tdf Line: 28
Info (12021): Found 1 design units, including 1 entities, in source file db/altsyncram_mfa1.tdf
    Info (12023): Found entity 1: altsyncram_mfa1 File: C:/Users/Usuario/Documents/DD2/ProyectoFinal/Quartus/db/altsyncram_mfa1.tdf Line: 27
Info (12021): Found 1 design units, including 1 entities, in source file db/cntr_f5f.tdf
    Info (12023): Found entity 1: cntr_f5f File: C:/Users/Usuario/Documents/DD2/ProyectoFinal/Quartus/db/cntr_f5f.tdf Line: 27
Info (12021): Found 1 design units, including 1 entities, in source file db/cmpr_hrb.tdf
    Info (12023): Found entity 1: cmpr_hrb File: C:/Users/Usuario/Documents/DD2/ProyectoFinal/Quartus/db/cmpr_hrb.tdf Line: 22
Info (12021): Found 1 design units, including 1 entities, in source file db/cntr_5lg.tdf
    Info (12023): Found entity 1: cntr_5lg File: C:/Users/Usuario/Documents/DD2/ProyectoFinal/Quartus/db/cntr_5lg.tdf Line: 25
Warning (13034): The following nodes have both tri-state and non-tri-state drivers
    Warning (13035): Inserted always-enabled tri-state buffer between "SDO" and its non-tri-state driver. File: C:/Users/Usuario/Documents/DD2/ProyectoFinal/hdl/top_NivelControl.vhd Line: 13
Warning (13039): The following bidirectional pins have no drivers
    Warning (13040): bidirectional pin "SDI" has no driver File: C:/Users/Usuario/Documents/DD2/ProyectoFinal/hdl/top_NivelControl.vhd Line: 12
Info (13000): Registers with preset signals will power-up high File: C:/Users/Usuario/Documents/DD2/ProyectoFinal/hdl/interfaz_SPI.vhd Line: 21
Info (13003): DEV_CLRn pin will set, and not reset, register with preset signal due to NOT Gate Push-Back
Warning (13004): Presettable and clearable registers converted to equivalent circuits with latches. Registers power-up to an undefined state, and DEVCLRn places the registers in an undefined state.
    Warning (13310): Register "interfaz_SPI:U1|SPC" is converted into an equivalent circuit using register "interfaz_SPI:U1|SPC~_emulated" and latch "interfaz_SPI:U1|SPC~1" File: C:/Users/Usuario/Documents/DD2/ProyectoFinal/hdl/interfaz_SPI.vhd Line: 22
Warning (13009): TRI or OPNDRN buffers permanently enabled
    Warning (13010): Node "SDO~synth" File: C:/Users/Usuario/Documents/DD2/ProyectoFinal/hdl/top_NivelControl.vhd Line: 13
Warning (13024): Output pins are stuck at VCC or GND
    Warning (13410): Pin "seg_Y[0]" is stuck at VCC File: C:/Users/Usuario/Documents/DD2/ProyectoFinal/hdl/top_NivelControl.vhd Line: 17
    Warning (13410): Pin "seg_Y[1]" is stuck at VCC File: C:/Users/Usuario/Documents/DD2/ProyectoFinal/hdl/top_NivelControl.vhd Line: 17
    Warning (13410): Pin "seg_Y[2]" is stuck at VCC File: C:/Users/Usuario/Documents/DD2/ProyectoFinal/hdl/top_NivelControl.vhd Line: 17
    Warning (13410): Pin "seg_Y[3]" is stuck at VCC File: C:/Users/Usuario/Documents/DD2/ProyectoFinal/hdl/top_NivelControl.vhd Line: 17
    Warning (13410): Pin "seg_Y[4]" is stuck at VCC File: C:/Users/Usuario/Documents/DD2/ProyectoFinal/hdl/top_NivelControl.vhd Line: 17
    Warning (13410): Pin "seg_Y[5]" is stuck at VCC File: C:/Users/Usuario/Documents/DD2/ProyectoFinal/hdl/top_NivelControl.vhd Line: 17
    Warning (13410): Pin "seg_Y[6]" is stuck at VCC File: C:/Users/Usuario/Documents/DD2/ProyectoFinal/hdl/top_NivelControl.vhd Line: 17
Info (286030): Timing-Driven Synthesis is running
Info (16010): Generating hard_block partition "hard_block:auto_generated_inst"
    Info (16011): Adding 0 node(s), including 0 DDIO, 0 PLL, 0 transceiver and 0 LCELL
Info (21057): Implemented 532 device resources after synthesis - the final resource count might be different
    Info (21058): Implemented 2 input pins
    Info (21059): Implemented 25 output pins
    Info (21060): Implemented 2 bidirectional pins
    Info (21061): Implemented 481 logic cells
    Info (21064): Implemented 22 RAM segments
Info: Quartus Prime Analysis & Synthesis was successful. 0 errors, 19 warnings
    Info: Peak virtual memory: 4806 megabytes
    Info: Processing ended: Wed May 18 16:30:39 2022
    Info: Elapsed time: 00:00:22
    Info: Total CPU time (on all processors): 00:00:41


